#-----------------------------------------------------------
# Vivado v2017.4 (64-bit)
# SW Build 2086221 on Fri Dec 15 20:54:30 MST 2017
# IP Build 2085800 on Fri Dec 15 22:25:07 MST 2017
# Start of session at: Tue Sep 24 13:27:17 2019
# Process ID: 2684
# Current directory: /home/ecelrc/students/gguglielmo/micro/vivado
# Command line: vivado
# Log file: /home/ecelrc/students/gguglielmo/micro/vivado/vivado.log
# Journal file: /home/ecelrc/students/gguglielmo/micro/vivado/vivado.jou
#-----------------------------------------------------------
start_gui
open_project /home/ecelrc/students/gguglielmo/micro/vivado/ip_repo/edit_gpio_lab_1_v1_0.xpr
Scanning sources...
Finished scanning sources
INFO: [IP_Flow 19-234] Refreshing IP repositories
INFO: [IP_Flow 19-1700] Loaded user IP repository '/home/ecelrc/students/gguglielmo/micro/vivado/ip_repo/gpio_lab_1_1.0'.
INFO: [IP_Flow 19-2313] Loaded Vivado IP repository '/usr/local/packages/xilinx_2017.4/Vivado/2017.4/data/ip'.
open_project: Time (s): cpu = 00:00:13 ; elapsed = 00:00:06 . Memory (MB): peak = 6265.688 ; gain = 108.414 ; free physical = 116068 ; free virtual = 131876
update_compile_order -fileset sources_1
ipx::open_ipxact_file /home/ecelrc/students/gguglielmo/micro/vivado/ip_repo/gpio_lab_1_1.0/component.xml
