#-----------------------------------------------------------
# Vivado v2017.4 (64-bit)
# SW Build 2086221 on Fri Dec 15 20:54:30 MST 2017
# IP Build 2085800 on Fri Dec 15 22:25:07 MST 2017
# Start of session at: Tue Sep 24 13:32:04 2019
# Process ID: 6207
# Current directory: /home/ecelrc/students/gguglielmo/micro/vivado
# Command line: vivado
# Log file: /home/ecelrc/students/gguglielmo/micro/vivado/vivado.log
# Journal file: /home/ecelrc/students/gguglielmo/micro/vivado/vivado.jou
#-----------------------------------------------------------
start_gui
open_project /home/ecelrc/students/gguglielmo/micro/vivado/lab_1/lab_1.xpr
Scanning sources...
Finished scanning sources
INFO: [IP_Flow 19-234] Refreshing IP repositories
INFO: [IP_Flow 19-1700] Loaded user IP repository '/home/ecelrc/students/gguglielmo/micro/vivado/ip_repo/gpio_lab_1_1.0'.
INFO: [IP_Flow 19-2313] Loaded Vivado IP repository '/usr/local/packages/xilinx_2017.4/Vivado/2017.4/data/ip'.
open_project: Time (s): cpu = 00:00:25 ; elapsed = 00:00:17 . Memory (MB): peak = 6350.324 ; gain = 158.852 ; free physical = 115378 ; free virtual = 131186
update_compile_order -fileset sources_1
open_bd_design {/home/ecelrc/students/gguglielmo/micro/vivado/lab_1/lab_1.srcs/sources_1/bd/zynq/zynq.bd}
Adding cell -- xilinx.com:ip:axi_bram_ctrl:4.0 - axi_bram_ctrl_0
Adding cell -- xilinx.com:ip:axi_bram_ctrl:4.0 - axi_bram_ctrl_1
Adding cell -- xilinx.com:ip:axi_cdma:4.1 - axi_cdma_0
Adding cell -- xilinx.com:ip:blk_mem_gen:8.4 - blk_mem_gen_0
Adding cell -- xilinx.com:ip:proc_sys_reset:5.0 - proc_sys_reset_0
Adding cell -- xilinx.com:ip:processing_system7:5.5 - processing_system7_0
Adding cell -- xilinx.com:ip:smartconnect:1.0 - smartconnect_0
Adding cell -- xilinx.com:ip:smartconnect:1.0 - smartconnect_1
Adding cell -- ecelrc:user:gpio_lab_1:1.0 - gpio_lab_1_0
Successfully read diagram <zynq> from BD file </home/ecelrc/students/gguglielmo/micro/vivado/lab_1/lab_1.srcs/sources_1/bd/zynq/zynq.bd>
open_bd_design: Time (s): cpu = 00:00:12 ; elapsed = 00:00:08 . Memory (MB): peak = 6436.664 ; gain = 8.770 ; free physical = 115322 ; free virtual = 131131
